<?xml version="1.0" encoding="UTF-8" ?>
<testsuite failures="0" time="95.984" errors="0" skipped="0" tests="11" name="RunCukesTest">
  <properties>
[...]
</properties>
  <testcase time="0.001" classname="Given user logs in to the website with sukesh.kumar@target.com and target123(| ipad | Apple® iPad mini 16GB Wi-Fi - White (MD531LL/A) | 2 |  |  |  |  |  |)" name="Given user logs in to the website with sukesh.kumar@target.com and target123"/>
  <testcase time="0" classname="And clears the cart if there are existing items(| ipad | Apple® iPad mini 16GB Wi-Fi - White (MD531LL/A) | 2 |  |  |  |  |  |)" name="And clears the cart if there are existing items"/>
  <testcase time="0" classname="And he searches for ipad(| ipad | Apple® iPad mini 16GB Wi-Fi - White (MD531LL/A) | 2 |  |  |  |  |  |)" name="And he searches for ipad"/>
  <testcase time="0" classname="And he selects Apple® iPad mini 16GB Wi-Fi - White (MD531LL/A) from the search results(| ipad | Apple® iPad mini 16GB Wi-Fi - White (MD531LL/A) | 2 |  |  |  |  |  |)" name="And he selects Apple® iPad mini 16GB Wi-Fi - White "/>
  <testcase time="0" classname="And he adds 2 of the chosen item(| ipad | Apple® iPad mini 16GB Wi-Fi - White (MD531LL/A) | 2 |  |  |  |  |  |)" name="And he adds 2 of the chosen item"/>
  <testcase time="0" classname="And he adds the selected item to his cart(| ipad | Apple® iPad mini 16GB Wi-Fi - White (MD531LL/A) | 2 |  |  |  |  |  |)" name="And he adds the selected item to his cart"/>
  <testcase time="0" classname="And he chooses to checkout(| ipad | Apple® iPad mini 16GB Wi-Fi - White (MD531LL/A) | 2 |  |  |  |  |  |)" name="And he chooses to checkout"/>
  <testcase time="0.001" classname="And he proceeds to checkout(| ipad | Apple® iPad mini 16GB Wi-Fi - White (MD531LL/A) | 2 |  |  |  |  |  |)" name="And he proceeds to checkout"/>
  <testcase time="0" classname="And he chooses to proceed with the default shipping address(| ipad | Apple® iPad mini 16GB Wi-Fi - White (MD531LL/A) | 2 |  |  |  |  |  |)" name="And he chooses to proceed with the default shipping address"/>
  <testcase time="0" classname="And he chooses to pay with a credit card(| ipad | Apple® iPad mini 16GB Wi-Fi - White (MD531LL/A) | 2 |  |  |  |  |  |)" name="And he chooses to pay with a credit card"/>
  <testcase time="0.099" classname="| ipad | Apple® iPad mini 16GB Wi-Fi - White (MD531LL/A) | 2 |  |  |  |  |  |" name="| ipad | Apple® iPad mini 16GB Wi-Fi - White "/>
</testsuite>